#! /c/Source/iverilog-install/bin/vvp
:ivl_version "12.0 (devel)" "(s20150603-1539-g2693dd32b)";
:ivl_delay_selection "TYPICAL";
:vpi_time_precision - 12;
:vpi_module "C:\iverilog\lib\ivl\system.vpi";
:vpi_module "C:\iverilog\lib\ivl\vhdl_sys.vpi";
:vpi_module "C:\iverilog\lib\ivl\vhdl_textio.vpi";
:vpi_module "C:\iverilog\lib\ivl\v2005_math.vpi";
:vpi_module "C:\iverilog\lib\ivl\va_math.vpi";
S_000002d25b5a89d0 .scope module, "and_gate_tb" "and_gate_tb" 2 5;
 .timescale -9 -12;
v000002d25b5f51d0_0 .net "F", 0 0, L_000002d25b5c3120;  1 drivers
v000002d25b5f5270_0 .var "X", 0 0;
v000002d25b5f5310_0 .var "Y", 0 0;
S_000002d25b5f5040 .scope module, "uut" "and_gate" 2 13, 3 4 0, S_000002d25b5a89d0;
 .timescale 0 0;
    .port_info 0 /INPUT 1 "X";
    .port_info 1 /INPUT 1 "Y";
    .port_info 2 /OUTPUT 1 "F";
L_000002d25b5c3120 .functor AND 1, v000002d25b5f5270_0, v000002d25b5f5310_0, C4<1>, C4<1>;
v000002d25b5c37c0_0 .net "F", 0 0, L_000002d25b5c3120;  alias, 1 drivers
v000002d25b63df10_0 .net "X", 0 0, v000002d25b5f5270_0;  1 drivers
v000002d25b5f8a50_0 .net "Y", 0 0, v000002d25b5f5310_0;  1 drivers
    .scope S_000002d25b5a89d0;
T_0 ;
    %vpi_call 2 22 "$display", "Welcome to the ISIG-Goma Nano-Electronics Lab" {0 0 0};
    %vpi_call 2 23 "$display", "X Y | F" {0 0 0};
    %vpi_call 2 24 "$display", "--------" {0 0 0};
    %pushi/vec4 0, 0, 1;
    %store/vec4 v000002d25b5f5270_0, 0, 1;
    %pushi/vec4 0, 0, 1;
    %store/vec4 v000002d25b5f5310_0, 0, 1;
    %delay 10000, 0;
    %vpi_call 2 28 "$display", "%b %b | %b", v000002d25b5f5270_0, v000002d25b5f5310_0, v000002d25b5f51d0_0 {0 0 0};
    %pushi/vec4 0, 0, 1;
    %store/vec4 v000002d25b5f5270_0, 0, 1;
    %pushi/vec4 1, 0, 1;
    %store/vec4 v000002d25b5f5310_0, 0, 1;
    %delay 10000, 0;
    %vpi_call 2 31 "$display", "%b %b | %b", v000002d25b5f5270_0, v000002d25b5f5310_0, v000002d25b5f51d0_0 {0 0 0};
    %pushi/vec4 1, 0, 1;
    %store/vec4 v000002d25b5f5270_0, 0, 1;
    %pushi/vec4 0, 0, 1;
    %store/vec4 v000002d25b5f5310_0, 0, 1;
    %delay 10000, 0;
    %vpi_call 2 34 "$display", "%b %b | %b", v000002d25b5f5270_0, v000002d25b5f5310_0, v000002d25b5f51d0_0 {0 0 0};
    %pushi/vec4 1, 0, 1;
    %store/vec4 v000002d25b5f5270_0, 0, 1;
    %pushi/vec4 1, 0, 1;
    %store/vec4 v000002d25b5f5310_0, 0, 1;
    %delay 10000, 0;
    %vpi_call 2 37 "$display", "%b %b | %b", v000002d25b5f5270_0, v000002d25b5f5310_0, v000002d25b5f51d0_0 {0 0 0};
    %vpi_call 2 40 "$finish" {0 0 0};
    %end;
    .thread T_0;
# The file index is used to find the file name in the following table.
:file_names 4;
    "N/A";
    "<interactive>";
    "and_gate_tb.v";
    "and_gate.v";
