#! /c/Source/iverilog-install/bin/vvp
:ivl_version "12.0 (devel)" "(s20150603-1539-g2693dd32b)";
:ivl_delay_selection "TYPICAL";
:vpi_time_precision - 12;
:vpi_module "C:\iverilog\lib\ivl\system.vpi";
:vpi_module "C:\iverilog\lib\ivl\vhdl_sys.vpi";
:vpi_module "C:\iverilog\lib\ivl\vhdl_textio.vpi";
:vpi_module "C:\iverilog\lib\ivl\v2005_math.vpi";
:vpi_module "C:\iverilog\lib\ivl\va_math.vpi";
S_0000014b1c025b20 .scope module, "ldxa_tb" "ldxa_tb" 2 5;
 .timescale -9 -12;
v0000014b1c0354c0_0 .var "A", 0 0;
v0000014b1c035560_0 .var "D", 0 0;
v0000014b1c033b70_0 .net "L", 0 0, L_0000014b1c003120;  1 drivers
v0000014b1c033c10_0 .var "X", 0 0;
v0000014b1c033cb0_0 .var/i "i", 31 0;
v0000014b1c033d50_0 .var/i "j", 31 0;
v0000014b1c033df0_0 .var/i "k", 31 0;
S_0000014b1c0351f0 .scope module, "uut" "ldxa" 2 10, 3 3 0, S_0000014b1c025b20;
 .timescale 0 0;
    .port_info 0 /OUTPUT 1 "L";
    .port_info 1 /INPUT 1 "D";
    .port_info 2 /INPUT 1 "X";
    .port_info 3 /INPUT 1 "A";
L_0000014b1c035600 .functor NOT 1, v0000014b1c033c10_0, C4<0>, C4<0>, C4<0>;
L_0000014b1bfe9eb0 .functor AND 1, v0000014b1c035560_0, L_0000014b1c035600, C4<1>, C4<1>;
L_0000014b1c003120 .functor OR 1, L_0000014b1bfe9eb0, v0000014b1c0354c0_0, C4<0>, C4<0>;
v0000014b1bfea170_0 .net "A", 0 0, v0000014b1c0354c0_0;  1 drivers
v0000014b1bfe9e10_0 .net "D", 0 0, v0000014b1c035560_0;  1 drivers
v0000014b1bfec4b0_0 .net "L", 0 0, L_0000014b1c003120;  alias, 1 drivers
v0000014b1bfec550_0 .net "X", 0 0, v0000014b1c033c10_0;  1 drivers
v0000014b1c035380_0 .net *"_ivl_0", 0 0, L_0000014b1c035600;  1 drivers
v0000014b1c035420_0 .net *"_ivl_2", 0 0, L_0000014b1bfe9eb0;  1 drivers
    .scope S_0000014b1c025b20;
T_0 ;
    %vpi_call 2 21 "$display", "LDXA Circuit Simulation" {0 0 0};
    %vpi_call 2 22 "$display", "D X A | L" {0 0 0};
    %vpi_call 2 23 "$display", "---------" {0 0 0};
    %pushi/vec4 0, 0, 32;
    %store/vec4 v0000014b1c033cb0_0, 0, 32;
T_0.0 ;
    %load/vec4 v0000014b1c033cb0_0;
    %cmpi/s 2, 0, 32;
    %jmp/0xz T_0.1, 5;
    %pushi/vec4 0, 0, 32;
    %store/vec4 v0000014b1c033d50_0, 0, 32;
T_0.2 ;
    %load/vec4 v0000014b1c033d50_0;
    %cmpi/s 2, 0, 32;
    %jmp/0xz T_0.3, 5;
    %pushi/vec4 0, 0, 32;
    %store/vec4 v0000014b1c033df0_0, 0, 32;
T_0.4 ;
    %load/vec4 v0000014b1c033df0_0;
    %cmpi/s 2, 0, 32;
    %jmp/0xz T_0.5, 5;
    %load/vec4 v0000014b1c033cb0_0;
    %pad/s 1;
    %store/vec4 v0000014b1c035560_0, 0, 1;
    %load/vec4 v0000014b1c033d50_0;
    %pad/s 1;
    %store/vec4 v0000014b1c033c10_0, 0, 1;
    %load/vec4 v0000014b1c033df0_0;
    %pad/s 1;
    %store/vec4 v0000014b1c0354c0_0, 0, 1;
    %delay 10000, 0;
    %vpi_call 2 33 "$display", "%b %b %b | %b", v0000014b1c035560_0, v0000014b1c033c10_0, v0000014b1c0354c0_0, v0000014b1c033b70_0 {0 0 0};
    ; show_stmt_assign_vector: Get l-value for compressed += operand
    %load/vec4 v0000014b1c033df0_0;
    %pushi/vec4 1, 0, 32;
    %add;
    %store/vec4 v0000014b1c033df0_0, 0, 32;
    %jmp T_0.4;
T_0.5 ;
    ; show_stmt_assign_vector: Get l-value for compressed += operand
    %load/vec4 v0000014b1c033d50_0;
    %pushi/vec4 1, 0, 32;
    %add;
    %store/vec4 v0000014b1c033d50_0, 0, 32;
    %jmp T_0.2;
T_0.3 ;
    ; show_stmt_assign_vector: Get l-value for compressed += operand
    %load/vec4 v0000014b1c033cb0_0;
    %pushi/vec4 1, 0, 32;
    %add;
    %store/vec4 v0000014b1c033cb0_0, 0, 32;
    %jmp T_0.0;
T_0.1 ;
    %vpi_call 2 38 "$finish" {0 0 0};
    %end;
    .thread T_0;
# The file index is used to find the file name in the following table.
:file_names 4;
    "N/A";
    "<interactive>";
    "ldxa_tb.v";
    "ldxa.v";
